<?xml version="1.0" encoding="UTF-8"?>
<testng-results ignored="0" total="2" passed="2" failed="0" skipped="0">
  <reporter-output>
  </reporter-output>
  <suite started-at="2025-10-18T09:43:53 WAT" name="mastersuite" finished-at="2025-10-18T09:44:06 WAT" duration-ms="13099">
    <groups>
      <group name="Master">
        <method signature="LoginTest001.Logintest()[pri:0, instance:testcases.LoginTest001@63f259c3]" name="Logintest" class="testcases.LoginTest001"/>
        <method signature="RegisterTest001.Regtest()[pri:0, instance:testcases.RegisterTest001@7b205dbd]" name="Regtest" class="testcases.RegisterTest001"/>
      </group> <!-- Master -->
      <group name="Sanity">
        <method signature="LoginTest001.Logintest()[pri:0, instance:testcases.LoginTest001@63f259c3]" name="Logintest" class="testcases.LoginTest001"/>
      </group> <!-- Sanity -->
      <group name="Regression">
        <method signature="RegisterTest001.Regtest()[pri:0, instance:testcases.RegisterTest001@7b205dbd]" name="Regtest" class="testcases.RegisterTest001"/>
      </group> <!-- Regression -->
    </groups>
    <test started-at="2025-10-18T09:43:53 WAT" name="chrometest" finished-at="2025-10-18T09:44:06 WAT" duration-ms="13099">
      <class name="testcases.RegisterTest001">
        <test-method is-config="true" signature="setup(java.lang.String,java.lang.String)[pri:0, instance:testcases.RegisterTest001@7b205dbd]" started-at="2025-10-18T09:43:53 WAT" name="setup" finished-at="2025-10-18T09:43:57 WAT" duration-ms="3997" status="PASS">
          <params>
            <param index="0">
              <value>
                <![CDATA[windows]]>
              </value>
            </param>
            <param index="1">
              <value>
                <![CDATA[edge]]>
              </value>
            </param>
          </params>
          <reporter-output>
          </reporter-output>
        </test-method> <!-- setup -->
        <test-method signature="Regtest()[pri:0, instance:testcases.RegisterTest001@7b205dbd]" started-at="2025-10-18T09:43:57 WAT" name="Regtest" finished-at="2025-10-18T09:44:00 WAT" duration-ms="2415" status="PASS">
          <reporter-output>
          </reporter-output>
        </test-method> <!-- Regtest -->
        <test-method is-config="true" signature="tearDown()[pri:0, instance:testcases.RegisterTest001@7b205dbd]" started-at="2025-10-18T09:44:00 WAT" name="tearDown" finished-at="2025-10-18T09:44:00 WAT" duration-ms="242" status="PASS">
          <reporter-output>
          </reporter-output>
        </test-method> <!-- tearDown -->
      </class> <!-- testcases.RegisterTest001 -->
      <class name="testcases.LoginTest001">
        <test-method is-config="true" signature="setup(java.lang.String,java.lang.String)[pri:0, instance:testcases.LoginTest001@63f259c3]" started-at="2025-10-18T09:44:00 WAT" name="setup" finished-at="2025-10-18T09:44:04 WAT" duration-ms="4462" status="PASS">
          <params>
            <param index="0">
              <value>
                <![CDATA[windows]]>
              </value>
            </param>
            <param index="1">
              <value>
                <![CDATA[edge]]>
              </value>
            </param>
          </params>
          <reporter-output>
          </reporter-output>
        </test-method> <!-- setup -->
        <test-method signature="Logintest()[pri:0, instance:testcases.LoginTest001@63f259c3]" started-at="2025-10-18T09:44:04 WAT" name="Logintest" finished-at="2025-10-18T09:44:06 WAT" duration-ms="1564" status="PASS">
          <reporter-output>
          </reporter-output>
        </test-method> <!-- Logintest -->
        <test-method is-config="true" signature="tearDown()[pri:0, instance:testcases.LoginTest001@63f259c3]" started-at="2025-10-18T09:44:06 WAT" name="tearDown" finished-at="2025-10-18T09:44:06 WAT" duration-ms="178" status="PASS">
          <reporter-output>
          </reporter-output>
        </test-method> <!-- tearDown -->
      </class> <!-- testcases.LoginTest001 -->
    </test> <!-- chrometest -->
  </suite> <!-- mastersuite -->
</testng-results>
