<?xml version="1.0" encoding="UTF-8"?>
<!-- Generated by org.testng.reporters.JUnitReportReporter -->
<testsuite hostname="Shanmukh" failures="0" tests="5" name="testcases.LoginDatadriven" time="33.229" errors="0" timestamp="2025-10-18T06:33:14 WAT" skipped="0">
  <testcase classname="testcases.LoginDatadriven" name="Logintest" time="11.754"/>
  <testcase classname="testcases.LoginDatadriven" name="Logintest" time="11.669"/>
  <testcase classname="testcases.LoginDatadriven" name="Logintest" time="4.008"/>
  <testcase classname="testcases.LoginDatadriven" name="Logintest" time="2.659"/>
  <testcase classname="testcases.LoginDatadriven" name="Logintest" time="3.139"/>
</testsuite> <!-- testcases.LoginDatadriven -->
