<?xml version="1.0" encoding="UTF-8"?>
<!-- Generated by org.testng.reporters.JUnitXMLReporter -->
<testsuite ignored="0" hostname="Shanmukh" failures="0" tests="5" name="chrometest" time="47.551" errors="0" timestamp="2025-10-17T16:57:15 WAT">
  <testcase classname="testcases.LoginDatadriven" name="Logintest" time="3.549"/>
  <testcase classname="testcases.LoginDatadriven" name="Logintest" time="2.576"/>
  <testcase classname="testcases.LoginDatadriven" name="Logintest" time="11.716"/>
  <testcase classname="testcases.LoginDatadriven" name="Logintest" time="16.695"/>
  <testcase classname="testcases.LoginDatadriven" name="Logintest" time="3.62"/>
</testsuite> <!-- chrometest -->
